TN:
SF:controllers\admin.controller.js
FN:8,(anonymous_0)
FN:84,(anonymous_1)
FN:105,(anonymous_2)
FN:114,(anonymous_3)
FN:127,(anonymous_4)
FN:196,(anonymous_5)
FN:237,(anonymous_6)
FN:286,(anonymous_7)
FNF:8
FNH:4
FNDA:2,(anonymous_0)
FNDA:0,(anonymous_1)
FNDA:7,(anonymous_2)
FNDA:4,(anonymous_3)
FNDA:1,(anonymous_4)
FNDA:0,(anonymous_5)
FNDA:0,(anonymous_6)
FNDA:0,(anonymous_7)
DA:1,4
DA:2,4
DA:3,4
DA:8,4
DA:9,2
DA:10,2
DA:13,2
DA:14,1
DA:21,1
DA:24,1
DA:28,1
DA:29,1
DA:36,0
DA:37,0
DA:44,0
DA:46,0
DA:47,0
DA:54,0
DA:55,0
DA:58,0
DA:60,0
DA:73,0
DA:74,0
DA:84,4
DA:85,0
DA:86,0
DA:90,0
DA:96,0
DA:97,0
DA:105,4
DA:106,7
DA:107,7
DA:108,5
DA:110,2
DA:114,4
DA:115,4
DA:116,2
DA:117,2
DA:121,4
DA:122,4
DA:127,4
DA:128,1
DA:129,1
DA:132,1
DA:133,1
DA:134,1
DA:141,0
DA:142,0
DA:144,0
DA:145,0
DA:151,0
DA:152,0
DA:159,0
DA:162,0
DA:163,0
DA:167,0
DA:168,0
DA:170,0
DA:171,0
DA:175,0
DA:179,0
DA:185,0
DA:186,0
DA:196,4
DA:197,0
DA:198,0
DA:200,0
DA:201,0
DA:207,0
DA:208,0
DA:214,0
DA:215,0
DA:216,0
DA:218,0
DA:220,0
DA:226,0
DA:227,0
DA:237,4
DA:238,0
DA:239,0
DA:240,0
DA:242,0
DA:243,0
DA:249,0
DA:250,0
DA:256,0
DA:257,0
DA:258,0
DA:260,0
DA:261,0
DA:265,0
DA:267,0
DA:269,0
DA:275,0
DA:276,0
DA:286,4
DA:287,0
DA:288,0
DA:289,0
DA:290,0
DA:291,0
DA:294,0
DA:299,0
DA:301,0
DA:312,0
DA:313,0
LF:106
LH:33
BRDA:13,0,0,1
BRDA:13,0,1,1
BRDA:13,1,0,2
BRDA:13,1,1,2
BRDA:13,1,2,2
BRDA:28,2,0,1
BRDA:28,2,1,0
BRDA:36,3,0,0
BRDA:36,3,1,0
BRDA:46,4,0,0
BRDA:46,4,1,0
BRDA:107,5,0,5
BRDA:107,5,1,2
BRDA:107,6,0,7
BRDA:107,6,1,6
BRDA:108,7,0,3
BRDA:108,7,1,2
BRDA:115,8,0,2
BRDA:115,8,1,2
BRDA:117,9,0,1
BRDA:117,9,1,1
BRDA:133,10,0,1
BRDA:133,10,1,0
BRDA:133,11,0,1
BRDA:133,11,1,1
BRDA:133,11,2,1
BRDA:144,12,0,0
BRDA:144,12,1,0
BRDA:144,13,0,0
BRDA:144,13,1,0
BRDA:151,14,0,0
BRDA:151,14,1,0
BRDA:151,15,0,0
BRDA:151,15,1,0
BRDA:162,16,0,0
BRDA:162,16,1,0
BRDA:167,17,0,0
BRDA:167,17,1,0
BRDA:170,18,0,0
BRDA:170,18,1,0
BRDA:200,19,0,0
BRDA:200,19,1,0
BRDA:207,20,0,0
BRDA:207,20,1,0
BRDA:242,21,0,0
BRDA:242,21,1,0
BRDA:249,22,0,0
BRDA:249,22,1,0
BRDA:258,23,0,0
BRDA:258,23,1,0
BRDA:261,24,0,0
BRDA:261,24,1,0
BRDA:299,25,0,0
BRDA:299,25,1,0
BRF:54
BRH:20
end_of_record
TN:
SF:controllers\auth.controller.js
FN:7,(anonymous_0)
FN:84,(anonymous_1)
FNF:2
FNH:1
FNDA:1,(anonymous_0)
FNDA:0,(anonymous_1)
DA:1,3
DA:2,3
DA:7,3
DA:8,1
DA:9,1
DA:12,1
DA:13,0
DA:19,1
DA:20,0
DA:27,1
DA:28,1
DA:31,1
DA:36,1
DA:37,1
DA:44,0
DA:46,0
DA:47,0
DA:54,0
DA:55,0
DA:58,0
DA:60,0
DA:72,0
DA:73,0
DA:84,3
DA:85,0
DA:86,0
DA:88,0
DA:93,0
DA:94,0
DA:102,3
LF:30
LH:14
BRDA:12,0,0,0
BRDA:12,0,1,1
BRDA:12,1,0,1
BRDA:12,1,1,1
BRDA:12,1,2,1
BRDA:19,2,0,0
BRDA:19,2,1,1
BRDA:19,3,0,1
BRDA:19,3,1,1
BRDA:19,3,2,1
BRDA:36,4,0,1
BRDA:36,4,1,0
BRDA:46,5,0,0
BRDA:46,5,1,0
BRDA:76,6,0,0
BRDA:76,6,1,0
BRF:16
BRH:9
end_of_record
TN:
SF:controllers\payment.controller.js
FN:6,(anonymous_0)
FN:72,(anonymous_1)
FN:95,(anonymous_2)
FNF:3
FNH:0
FNDA:0,(anonymous_0)
FNDA:0,(anonymous_1)
FNDA:0,(anonymous_2)
DA:1,3
DA:6,3
DA:7,0
DA:8,0
DA:11,0
DA:12,0
DA:14,0
DA:15,0
DA:21,0
DA:22,0
DA:29,0
DA:30,0
DA:31,0
DA:32,0
DA:33,0
DA:34,0
DA:37,0
DA:38,0
DA:39,0
DA:40,0
DA:41,0
DA:42,0
DA:43,0
DA:44,0
DA:45,0
DA:46,0
DA:49,0
DA:52,0
DA:54,0
DA:60,0
DA:61,0
DA:72,3
DA:73,0
DA:74,0
DA:78,0
DA:84,0
DA:85,0
DA:95,3
DA:96,0
DA:97,0
DA:100,0
DA:101,0
DA:108,0
DA:109,0
DA:115,0
DA:120,0
DA:121,0
LF:47
LH:4
BRDA:14,0,0,0
BRDA:14,0,1,0
BRDA:21,1,0,0
BRDA:21,1,1,0
BRDA:34,2,0,0
BRDA:34,2,1,0
BRDA:64,3,0,0
BRDA:64,3,1,0
BRDA:100,4,0,0
BRDA:100,4,1,0
BRDA:108,5,0,0
BRDA:108,5,1,0
BRF:12
BRH:0
end_of_record
TN:
SF:middleware\admin.middleware.js
FN:5,(anonymous_0)
FN:54,(anonymous_1)
FNF:2
FNH:1
FNDA:2,(anonymous_0)
FNDA:0,(anonymous_1)
DA:1,3
DA:2,3
DA:5,3
DA:6,2
DA:10,2
DA:11,1
DA:14,2
DA:15,1
DA:22,1
DA:25,1
DA:27,1
DA:28,0
DA:35,1
DA:36,0
DA:43,1
DA:44,1
DA:46,0
DA:54,3
DA:55,0
DA:56,0
DA:61,0
LF:21
LH:15
BRDA:10,0,0,1
BRDA:10,0,1,1
BRDA:10,1,0,2
BRDA:10,1,1,1
BRDA:14,2,0,1
BRDA:14,2,1,1
BRDA:22,3,0,1
BRDA:22,3,1,0
BRDA:27,4,0,0
BRDA:27,4,1,1
BRDA:35,5,0,0
BRDA:35,5,1,1
BRDA:55,6,0,0
BRDA:55,6,1,0
BRF:14
BRH:9
end_of_record
TN:
SF:middleware\auth.middleware.js
FN:5,(anonymous_0)
FN:59,(anonymous_1)
FNF:2
FNH:2
FNDA:4,(anonymous_0)
FNDA:3,(anonymous_1)
DA:1,4
DA:2,4
DA:5,4
DA:6,4
DA:10,4
DA:11,2
DA:15,4
DA:16,2
DA:23,2
DA:26,2
DA:27,2
DA:28,1
DA:35,1
DA:36,1
DA:38,0
DA:39,0
DA:44,0
DA:45,0
DA:51,0
DA:59,4
DA:60,3
LF:21
LH:16
BRDA:10,0,0,2
BRDA:10,0,1,2
BRDA:10,1,0,4
BRDA:10,1,1,2
BRDA:15,2,0,2
BRDA:15,2,1,2
BRDA:27,3,0,1
BRDA:27,3,1,1
BRDA:38,4,0,0
BRDA:38,4,1,0
BRDA:44,5,0,0
BRDA:44,5,1,0
BRDA:61,6,0,3
BRDA:61,6,1,0
BRF:14
BRH:9
end_of_record
TN:
SF:middleware\validation.middleware.js
FN:4,(anonymous_0)
FN:10,(anonymous_1)
FNF:2
FNH:2
FNDA:4,(anonymous_0)
FNDA:4,(anonymous_1)
DA:1,4
DA:4,4
DA:5,4
DA:6,4
DA:7,3
DA:10,4
DA:16,1
DA:20,4
DA:40,4
LF:9
LH:9
BRDA:6,0,0,3
BRDA:6,0,1,1
BRF:2
BRH:2
end_of_record
TN:
SF:models\Admin.model.js
FN:54,(anonymous_0)
FN:69,(anonymous_1)
FN:78,(anonymous_2)
FNF:3
FNH:1
FNDA:3,(anonymous_0)
FNDA:0,(anonymous_1)
FNDA:0,(anonymous_2)
DA:1,5
DA:2,5
DA:4,5
DA:54,5
DA:55,3
DA:56,0
DA:59,3
DA:60,3
DA:61,3
DA:62,3
DA:64,0
DA:69,5
DA:70,0
DA:71,0
DA:73,0
DA:78,5
DA:79,0
DA:80,0
DA:81,0
DA:82,0
DA:85,5
LF:21
LH:12
BRDA:55,0,0,0
BRDA:55,0,1,3
BRF:2
BRH:1
end_of_record
TN:
SF:models\BruteForce.model.js
FNF:0
FNH:0
DA:1,3
DA:3,3
DA:18,3
LF:3
LH:3
BRF:0
BRH:0
end_of_record
TN:
SF:models\Payment.model.js
FN:73,(anonymous_0)
FNF:1
FNH:1
FNDA:2,(anonymous_0)
DA:1,5
DA:2,5
DA:4,5
DA:73,5
DA:74,2
DA:75,2
DA:77,2
DA:78,2
DA:80,2
DA:84,5
DA:85,5
DA:86,5
DA:88,5
LF:13
LH:13
BRDA:74,0,0,2
BRDA:74,0,1,0
BRF:2
BRH:1
end_of_record
TN:
SF:models\User.model.js
FN:53,(anonymous_0)
FN:73,(anonymous_1)
FN:82,(anonymous_2)
FNF:3
FNH:1
FNDA:6,(anonymous_0)
FNDA:0,(anonymous_1)
FNDA:0,(anonymous_2)
DA:1,5
DA:2,5
DA:4,5
DA:53,5
DA:55,6
DA:56,0
DA:59,6
DA:61,6
DA:64,6
DA:66,6
DA:68,0
DA:73,5
DA:74,0
DA:75,0
DA:77,0
DA:82,5
DA:83,0
DA:84,0
DA:85,0
DA:86,0
DA:89,5
LF:21
LH:12
BRDA:55,0,0,0
BRDA:55,0,1,6
BRF:2
BRH:1
end_of_record
